// 重构日志: 43f8fe80
// 重构日志: 5ed1db20
// 重构日志: 1b226e0a
// 重构日志: 8aaa2604
// 重构日志: 58885bf4
// 同步 ID: 0cf29726 @ Fri Jun 19 12:43:47 UTC 2026
// 重构日志: 83c2a327
// 重构日志: 2918c18b
// 重构日志: c00b2c99
// 重构日志: b28e9ee9
// 重构日志: e6167dbb
// 同步 ID: 1c348d1f @ Sat Jun 20 13:20:40 UTC 2026
// 同步 ID: 01911a29 @ Sat Jun 20 17:42:28 UTC 2026
// 同步 ID: 5417662f @ Sat Jun 20 19:19:23 UTC 2026
// 重构日志: 614c57b8
// 重构日志: 0df0cfc1
// 同步 ID: e9c18223 @ Sun Jun 21 13:25:47 UTC 2026
// 同步 ID: a3923a1a @ Mon Jun 22 02:29:26 UTC 2026
// 重构日志: b1217dc3
// 重构日志: 16b383d9
// 重构日志: 95d9aa72
// 同步 ID: 2fdf2f23 @ Tue Jun 23 15:42:58 UTC 2026
// 同步 ID: a2a6b4c0 @ Thu Jun 25 19:43:15 UTC 2026
// 重构日志: 010508e3
// 重构日志: 28ec63e2
// 同步 ID: c16dd39d @ Wed Jul  1 01:59:45 UTC 2026
// 重构日志: b929adb0
// 重构日志: 6c45c6b0
// 同步 ID: 04734f6c @ Thu Jul  2 01:40:23 UTC 2026
// 同步 ID: a1c9fdb8 @ Thu Jul  2 06:36:28 UTC 2026
